/home/common/cpmr_ch4/install/cpmr_ch4/lib/python3.10/site-packages/cpmr_ch4/add_obstacle.py
/home/common/cpmr_ch4/install/cpmr_ch4/lib/python3.10/site-packages/cpmr_ch4/collect_lidar.py
/home/common/cpmr_ch4/install/cpmr_ch4/lib/python3.10/site-packages/cpmr_ch4/build_map.py
/home/common/cpmr_ch4/install/cpmr_ch4/lib/python3.10/site-packages/cpmr_ch4/__init__.py
/home/common/cpmr_ch4/install/cpmr_ch4/lib/python3.10/site-packages/cpmr_ch4/destroy_map.py
/home/common/cpmr_ch4/install/cpmr_ch4/lib/python3.10/site-packages/cpmr_ch4/__pycache__/add_obstacle.cpython-310.pyc
/home/common/cpmr_ch4/install/cpmr_ch4/lib/python3.10/site-packages/cpmr_ch4/__pycache__/collect_lidar.cpython-310.pyc
/home/common/cpmr_ch4/install/cpmr_ch4/lib/python3.10/site-packages/cpmr_ch4/__pycache__/build_map.cpython-310.pyc
/home/common/cpmr_ch4/install/cpmr_ch4/lib/python3.10/site-packages/cpmr_ch4/__pycache__/__init__.cpython-310.pyc
/home/common/cpmr_ch4/install/cpmr_ch4/lib/python3.10/site-packages/cpmr_ch4/__pycache__/destroy_map.cpython-310.pyc
/home/common/cpmr_ch4/install/cpmr_ch4/share/ament_index/resource_index/packages/cpmr_ch4
/home/common/cpmr_ch4/install/cpmr_ch4/share/cpmr_ch4/package.xml
/home/common/cpmr_ch4/install/cpmr_ch4/share/cpmr_ch4/launch/imu-robot.launch.py
/home/common/cpmr_ch4/install/cpmr_ch4/share/cpmr_ch4/launch/destroy_map.launch.py
/home/common/cpmr_ch4/install/cpmr_ch4/share/cpmr_ch4/launch/sonar-robot.launch.py
/home/common/cpmr_ch4/install/cpmr_ch4/share/cpmr_ch4/launch/laser_sonar_robot.launch.py
/home/common/cpmr_ch4/install/cpmr_ch4/share/cpmr_ch4/launch/laser-robot.launch.py
/home/common/cpmr_ch4/install/cpmr_ch4/share/cpmr_ch4/launch/lidar-collector.launch.py
/home/common/cpmr_ch4/install/cpmr_ch4/share/cpmr_ch4/launch/build_map.launch.py
/home/common/cpmr_ch4/install/cpmr_ch4/share/cpmr_ch4/launch/bumper-robot.launch.py
/home/common/cpmr_ch4/install/cpmr_ch4/share/cpmr_ch4/urdf/colors.xacro
/home/common/cpmr_ch4/install/cpmr_ch4/share/cpmr_ch4/urdf/scout-laser.urdf.xacro
/home/common/cpmr_ch4/install/cpmr_ch4/share/cpmr_ch4/urdf/scout-imu.urdf.xacro
/home/common/cpmr_ch4/install/cpmr_ch4/share/cpmr_ch4/urdf/scout-sonar.urdf.xacro
/home/common/cpmr_ch4/install/cpmr_ch4/share/cpmr_ch4/urdf/scout-bumper.urdf.xacro
/home/common/cpmr_ch4/install/cpmr_ch4/share/cpmr_ch4/urdf/scout-laser-sonar.urdf.xacro
/home/common/cpmr_ch4/install/cpmr_ch4/share/cpmr_ch4/maps/default.json
/home/common/cpmr_ch4/install/cpmr_ch4/lib/python3.10/site-packages/cpmr_ch4-3.1.0-py3.10.egg-info/SOURCES.txt
/home/common/cpmr_ch4/install/cpmr_ch4/lib/python3.10/site-packages/cpmr_ch4-3.1.0-py3.10.egg-info/requires.txt
/home/common/cpmr_ch4/install/cpmr_ch4/lib/python3.10/site-packages/cpmr_ch4-3.1.0-py3.10.egg-info/dependency_links.txt
/home/common/cpmr_ch4/install/cpmr_ch4/lib/python3.10/site-packages/cpmr_ch4-3.1.0-py3.10.egg-info/zip-safe
/home/common/cpmr_ch4/install/cpmr_ch4/lib/python3.10/site-packages/cpmr_ch4-3.1.0-py3.10.egg-info/entry_points.txt
/home/common/cpmr_ch4/install/cpmr_ch4/lib/python3.10/site-packages/cpmr_ch4-3.1.0-py3.10.egg-info/top_level.txt
/home/common/cpmr_ch4/install/cpmr_ch4/lib/python3.10/site-packages/cpmr_ch4-3.1.0-py3.10.egg-info/PKG-INFO
/home/common/cpmr_ch4/install/cpmr_ch4/lib/cpmr_ch4/add_obstacle
/home/common/cpmr_ch4/install/cpmr_ch4/lib/cpmr_ch4/build_map
/home/common/cpmr_ch4/install/cpmr_ch4/lib/cpmr_ch4/collect_lidar
/home/common/cpmr_ch4/install/cpmr_ch4/lib/cpmr_ch4/destroy_map
