/home/common/CPMR3/ros2_ws/src/cpmr_ch5/install/cpmr_ch5/lib/python3.10/site-packages/cpmr_ch5/harris_corners.py
/home/common/CPMR3/ros2_ws/src/cpmr_ch5/install/cpmr_ch5/lib/python3.10/site-packages/cpmr_ch5/view_camera.py
/home/common/CPMR3/ros2_ws/src/cpmr_ch5/install/cpmr_ch5/lib/python3.10/site-packages/cpmr_ch5/aruco_laser_target.py
/home/common/CPMR3/ros2_ws/src/cpmr_ch5/install/cpmr_ch5/lib/python3.10/site-packages/cpmr_ch5/good_features.py
/home/common/CPMR3/ros2_ws/src/cpmr_ch5/install/cpmr_ch5/lib/python3.10/site-packages/cpmr_ch5/__init__.py
/home/common/CPMR3/ros2_ws/src/cpmr_ch5/install/cpmr_ch5/lib/python3.10/site-packages/cpmr_ch5/canny_edges.py
/home/common/CPMR3/ros2_ws/src/cpmr_ch5/install/cpmr_ch5/lib/python3.10/site-packages/cpmr_ch5/opencv_camera.py
/home/common/CPMR3/ros2_ws/src/cpmr_ch5/install/cpmr_ch5/lib/python3.10/site-packages/cpmr_ch5/opencv_camera_calibrated.py
/home/common/CPMR3/ros2_ws/src/cpmr_ch5/install/cpmr_ch5/lib/python3.10/site-packages/cpmr_ch5/__pycache__/harris_corners.cpython-310.pyc
/home/common/CPMR3/ros2_ws/src/cpmr_ch5/install/cpmr_ch5/lib/python3.10/site-packages/cpmr_ch5/__pycache__/view_camera.cpython-310.pyc
/home/common/CPMR3/ros2_ws/src/cpmr_ch5/install/cpmr_ch5/lib/python3.10/site-packages/cpmr_ch5/__pycache__/aruco_laser_target.cpython-310.pyc
/home/common/CPMR3/ros2_ws/src/cpmr_ch5/install/cpmr_ch5/lib/python3.10/site-packages/cpmr_ch5/__pycache__/good_features.cpython-310.pyc
/home/common/CPMR3/ros2_ws/src/cpmr_ch5/install/cpmr_ch5/lib/python3.10/site-packages/cpmr_ch5/__pycache__/__init__.cpython-310.pyc
/home/common/CPMR3/ros2_ws/src/cpmr_ch5/install/cpmr_ch5/lib/python3.10/site-packages/cpmr_ch5/__pycache__/canny_edges.cpython-310.pyc
/home/common/CPMR3/ros2_ws/src/cpmr_ch5/install/cpmr_ch5/lib/python3.10/site-packages/cpmr_ch5/__pycache__/opencv_camera.cpython-310.pyc
/home/common/CPMR3/ros2_ws/src/cpmr_ch5/install/cpmr_ch5/lib/python3.10/site-packages/cpmr_ch5/__pycache__/opencv_camera_calibrated.cpython-310.pyc
/home/common/CPMR3/ros2_ws/src/cpmr_ch5/install/cpmr_ch5/share/ament_index/resource_index/packages/cpmr_ch5
/home/common/CPMR3/ros2_ws/src/cpmr_ch5/install/cpmr_ch5/share/cpmr_ch5/package.xml
/home/common/CPMR3/ros2_ws/src/cpmr_ch5/install/cpmr_ch5/share/cpmr_ch5/harris-corners-camera-robot.launch.py
/home/common/CPMR3/ros2_ws/src/cpmr_ch5/install/cpmr_ch5/share/cpmr_ch5/good-features-camera-robot.launch.py
/home/common/CPMR3/ros2_ws/src/cpmr_ch5/install/cpmr_ch5/share/cpmr_ch5/view-camera-robot.launch.py
/home/common/CPMR3/ros2_ws/src/cpmr_ch5/install/cpmr_ch5/share/cpmr_ch5/camera-robot.launch.py
/home/common/CPMR3/ros2_ws/src/cpmr_ch5/install/cpmr_ch5/share/cpmr_ch5/aruco-laser-robot.launch.py
/home/common/CPMR3/ros2_ws/src/cpmr_ch5/install/cpmr_ch5/share/cpmr_ch5/canny-edges-camera-robot.launch.py
/home/common/CPMR3/ros2_ws/src/cpmr_ch5/install/cpmr_ch5/share/cpmr_ch5/scout-camera.urdf.xacro
/home/common/CPMR3/ros2_ws/src/cpmr_ch5/install/cpmr_ch5/share/cpmr_ch5/colors.xacro
/home/common/CPMR3/ros2_ws/src/cpmr_ch5/install/cpmr_ch5/share/cpmr_ch5/laser-camera.urdf.xacro
/home/common/CPMR3/ros2_ws/src/cpmr_ch5/install/cpmr_ch5/lib/python3.10/site-packages/cpmr_ch5-3.1.0-py3.10.egg-info/SOURCES.txt
/home/common/CPMR3/ros2_ws/src/cpmr_ch5/install/cpmr_ch5/lib/python3.10/site-packages/cpmr_ch5-3.1.0-py3.10.egg-info/requires.txt
/home/common/CPMR3/ros2_ws/src/cpmr_ch5/install/cpmr_ch5/lib/python3.10/site-packages/cpmr_ch5-3.1.0-py3.10.egg-info/dependency_links.txt
/home/common/CPMR3/ros2_ws/src/cpmr_ch5/install/cpmr_ch5/lib/python3.10/site-packages/cpmr_ch5-3.1.0-py3.10.egg-info/zip-safe
/home/common/CPMR3/ros2_ws/src/cpmr_ch5/install/cpmr_ch5/lib/python3.10/site-packages/cpmr_ch5-3.1.0-py3.10.egg-info/entry_points.txt
/home/common/CPMR3/ros2_ws/src/cpmr_ch5/install/cpmr_ch5/lib/python3.10/site-packages/cpmr_ch5-3.1.0-py3.10.egg-info/top_level.txt
/home/common/CPMR3/ros2_ws/src/cpmr_ch5/install/cpmr_ch5/lib/python3.10/site-packages/cpmr_ch5-3.1.0-py3.10.egg-info/PKG-INFO
/home/common/CPMR3/ros2_ws/src/cpmr_ch5/install/cpmr_ch5/lib/cpmr_ch5/aruco_laser_target
/home/common/CPMR3/ros2_ws/src/cpmr_ch5/install/cpmr_ch5/lib/cpmr_ch5/aruco_target
/home/common/CPMR3/ros2_ws/src/cpmr_ch5/install/cpmr_ch5/lib/cpmr_ch5/aruco_targetv2
/home/common/CPMR3/ros2_ws/src/cpmr_ch5/install/cpmr_ch5/lib/cpmr_ch5/canny_edges
/home/common/CPMR3/ros2_ws/src/cpmr_ch5/install/cpmr_ch5/lib/cpmr_ch5/good_features
/home/common/CPMR3/ros2_ws/src/cpmr_ch5/install/cpmr_ch5/lib/cpmr_ch5/harris_corners
/home/common/CPMR3/ros2_ws/src/cpmr_ch5/install/cpmr_ch5/lib/cpmr_ch5/opencv_camera
/home/common/CPMR3/ros2_ws/src/cpmr_ch5/install/cpmr_ch5/lib/cpmr_ch5/opencv_camera_calibrated
/home/common/CPMR3/ros2_ws/src/cpmr_ch5/install/cpmr_ch5/lib/cpmr_ch5/view_camera
