[0.400s] Invoking command in '/home/common/CPMR3/ros2_ws/src/cpmr_ch5': PYTHONPATH=/home/common/CPMR3/ros2_ws/src/cpmr_ch5/build/cpmr_ch5/prefix_override:/usr/lib/python3/dist-packages/colcon_core/task/python/colcon_distutils_commands:/home/common/CPMR3/ros2_ws/src/cpmr_ch5/install/cpmr_ch5/lib/python3.10/site-packages:${PYTHONPATH} /usr/bin/python3 -W ignore:setup.py install is deprecated setup.py egg_info --egg-base build/cpmr_ch5 build --build-base /home/common/CPMR3/ros2_ws/src/cpmr_ch5/build/cpmr_ch5/build install --record /home/common/CPMR3/ros2_ws/src/cpmr_ch5/build/cpmr_ch5/install.log --single-version-externally-managed install_data
[0.534s] running egg_info
[0.534s] creating build/cpmr_ch5/cpmr_ch5.egg-info
[0.534s] writing build/cpmr_ch5/cpmr_ch5.egg-info/PKG-INFO
[0.534s] writing dependency_links to build/cpmr_ch5/cpmr_ch5.egg-info/dependency_links.txt
[0.534s] writing entry points to build/cpmr_ch5/cpmr_ch5.egg-info/entry_points.txt
[0.534s] writing requirements to build/cpmr_ch5/cpmr_ch5.egg-info/requires.txt
[0.534s] writing top-level names to build/cpmr_ch5/cpmr_ch5.egg-info/top_level.txt
[0.534s] writing manifest file 'build/cpmr_ch5/cpmr_ch5.egg-info/SOURCES.txt'
[0.536s] reading manifest file 'build/cpmr_ch5/cpmr_ch5.egg-info/SOURCES.txt'
[0.536s] writing manifest file 'build/cpmr_ch5/cpmr_ch5.egg-info/SOURCES.txt'
[0.536s] running build
[0.536s] running build_py
[0.536s] creating /home/common/CPMR3/ros2_ws/src/cpmr_ch5/build/cpmr_ch5/build
[0.536s] creating /home/common/CPMR3/ros2_ws/src/cpmr_ch5/build/cpmr_ch5/build/lib
[0.536s] creating /home/common/CPMR3/ros2_ws/src/cpmr_ch5/build/cpmr_ch5/build/lib/cpmr_ch5
[0.536s] copying cpmr_ch5/harris_corners.py -> /home/common/CPMR3/ros2_ws/src/cpmr_ch5/build/cpmr_ch5/build/lib/cpmr_ch5
[0.536s] copying cpmr_ch5/view_camera.py -> /home/common/CPMR3/ros2_ws/src/cpmr_ch5/build/cpmr_ch5/build/lib/cpmr_ch5
[0.537s] copying cpmr_ch5/aruco_laser_target.py -> /home/common/CPMR3/ros2_ws/src/cpmr_ch5/build/cpmr_ch5/build/lib/cpmr_ch5
[0.538s] copying cpmr_ch5/good_features.py -> /home/common/CPMR3/ros2_ws/src/cpmr_ch5/build/cpmr_ch5/build/lib/cpmr_ch5
[0.538s] copying cpmr_ch5/__init__.py -> /home/common/CPMR3/ros2_ws/src/cpmr_ch5/build/cpmr_ch5/build/lib/cpmr_ch5
[0.538s] copying cpmr_ch5/canny_edges.py -> /home/common/CPMR3/ros2_ws/src/cpmr_ch5/build/cpmr_ch5/build/lib/cpmr_ch5
[0.539s] copying cpmr_ch5/opencv_camera.py -> /home/common/CPMR3/ros2_ws/src/cpmr_ch5/build/cpmr_ch5/build/lib/cpmr_ch5
[0.539s] copying cpmr_ch5/opencv_camera_calibrated.py -> /home/common/CPMR3/ros2_ws/src/cpmr_ch5/build/cpmr_ch5/build/lib/cpmr_ch5
[0.539s] running install
[0.540s] running install_lib
[0.541s] creating /home/common/CPMR3/ros2_ws/src/cpmr_ch5/install/cpmr_ch5/lib/python3.10/site-packages/cpmr_ch5
[0.541s] copying /home/common/CPMR3/ros2_ws/src/cpmr_ch5/build/cpmr_ch5/build/lib/cpmr_ch5/harris_corners.py -> /home/common/CPMR3/ros2_ws/src/cpmr_ch5/install/cpmr_ch5/lib/python3.10/site-packages/cpmr_ch5
[0.541s] copying /home/common/CPMR3/ros2_ws/src/cpmr_ch5/build/cpmr_ch5/build/lib/cpmr_ch5/view_camera.py -> /home/common/CPMR3/ros2_ws/src/cpmr_ch5/install/cpmr_ch5/lib/python3.10/site-packages/cpmr_ch5
[0.541s] copying /home/common/CPMR3/ros2_ws/src/cpmr_ch5/build/cpmr_ch5/build/lib/cpmr_ch5/aruco_laser_target.py -> /home/common/CPMR3/ros2_ws/src/cpmr_ch5/install/cpmr_ch5/lib/python3.10/site-packages/cpmr_ch5
[0.541s] copying /home/common/CPMR3/ros2_ws/src/cpmr_ch5/build/cpmr_ch5/build/lib/cpmr_ch5/good_features.py -> /home/common/CPMR3/ros2_ws/src/cpmr_ch5/install/cpmr_ch5/lib/python3.10/site-packages/cpmr_ch5
[0.541s] copying /home/common/CPMR3/ros2_ws/src/cpmr_ch5/build/cpmr_ch5/build/lib/cpmr_ch5/__init__.py -> /home/common/CPMR3/ros2_ws/src/cpmr_ch5/install/cpmr_ch5/lib/python3.10/site-packages/cpmr_ch5
[0.541s] copying /home/common/CPMR3/ros2_ws/src/cpmr_ch5/build/cpmr_ch5/build/lib/cpmr_ch5/canny_edges.py -> /home/common/CPMR3/ros2_ws/src/cpmr_ch5/install/cpmr_ch5/lib/python3.10/site-packages/cpmr_ch5
[0.541s] copying /home/common/CPMR3/ros2_ws/src/cpmr_ch5/build/cpmr_ch5/build/lib/cpmr_ch5/opencv_camera.py -> /home/common/CPMR3/ros2_ws/src/cpmr_ch5/install/cpmr_ch5/lib/python3.10/site-packages/cpmr_ch5
[0.542s] copying /home/common/CPMR3/ros2_ws/src/cpmr_ch5/build/cpmr_ch5/build/lib/cpmr_ch5/opencv_camera_calibrated.py -> /home/common/CPMR3/ros2_ws/src/cpmr_ch5/install/cpmr_ch5/lib/python3.10/site-packages/cpmr_ch5
[0.542s] byte-compiling /home/common/CPMR3/ros2_ws/src/cpmr_ch5/install/cpmr_ch5/lib/python3.10/site-packages/cpmr_ch5/harris_corners.py to harris_corners.cpython-310.pyc
[0.542s] byte-compiling /home/common/CPMR3/ros2_ws/src/cpmr_ch5/install/cpmr_ch5/lib/python3.10/site-packages/cpmr_ch5/view_camera.py to view_camera.cpython-310.pyc
[0.542s] byte-compiling /home/common/CPMR3/ros2_ws/src/cpmr_ch5/install/cpmr_ch5/lib/python3.10/site-packages/cpmr_ch5/aruco_laser_target.py to aruco_laser_target.cpython-310.pyc
[0.544s] byte-compiling /home/common/CPMR3/ros2_ws/src/cpmr_ch5/install/cpmr_ch5/lib/python3.10/site-packages/cpmr_ch5/good_features.py to good_features.cpython-310.pyc
[0.544s] byte-compiling /home/common/CPMR3/ros2_ws/src/cpmr_ch5/install/cpmr_ch5/lib/python3.10/site-packages/cpmr_ch5/__init__.py to __init__.cpython-310.pyc
[0.544s] byte-compiling /home/common/CPMR3/ros2_ws/src/cpmr_ch5/install/cpmr_ch5/lib/python3.10/site-packages/cpmr_ch5/canny_edges.py to canny_edges.cpython-310.pyc
[0.544s] byte-compiling /home/common/CPMR3/ros2_ws/src/cpmr_ch5/install/cpmr_ch5/lib/python3.10/site-packages/cpmr_ch5/opencv_camera.py to opencv_camera.cpython-310.pyc
[0.544s] byte-compiling /home/common/CPMR3/ros2_ws/src/cpmr_ch5/install/cpmr_ch5/lib/python3.10/site-packages/cpmr_ch5/opencv_camera_calibrated.py to opencv_camera_calibrated.cpython-310.pyc
[0.545s] running install_data
[0.545s] creating /home/common/CPMR3/ros2_ws/src/cpmr_ch5/install/cpmr_ch5/share/ament_index
[0.545s] creating /home/common/CPMR3/ros2_ws/src/cpmr_ch5/install/cpmr_ch5/share/ament_index/resource_index
[0.545s] creating /home/common/CPMR3/ros2_ws/src/cpmr_ch5/install/cpmr_ch5/share/ament_index/resource_index/packages
[0.545s] copying resource/cpmr_ch5 -> /home/common/CPMR3/ros2_ws/src/cpmr_ch5/install/cpmr_ch5/share/ament_index/resource_index/packages
[0.545s] copying package.xml -> /home/common/CPMR3/ros2_ws/src/cpmr_ch5/install/cpmr_ch5/share/cpmr_ch5
[0.545s] copying launch/harris-corners-camera-robot.launch.py -> /home/common/CPMR3/ros2_ws/src/cpmr_ch5/install/cpmr_ch5/share/cpmr_ch5
[0.545s] copying launch/good-features-camera-robot.launch.py -> /home/common/CPMR3/ros2_ws/src/cpmr_ch5/install/cpmr_ch5/share/cpmr_ch5
[0.546s] copying launch/view-camera-robot.launch.py -> /home/common/CPMR3/ros2_ws/src/cpmr_ch5/install/cpmr_ch5/share/cpmr_ch5
[0.546s] copying launch/camera-robot.launch.py -> /home/common/CPMR3/ros2_ws/src/cpmr_ch5/install/cpmr_ch5/share/cpmr_ch5
[0.546s] copying launch/aruco-laser-robot.launch.py -> /home/common/CPMR3/ros2_ws/src/cpmr_ch5/install/cpmr_ch5/share/cpmr_ch5
[0.546s] copying launch/canny-edges-camera-robot.launch.py -> /home/common/CPMR3/ros2_ws/src/cpmr_ch5/install/cpmr_ch5/share/cpmr_ch5
[0.547s] copying urdf/scout-camera.urdf.xacro -> /home/common/CPMR3/ros2_ws/src/cpmr_ch5/install/cpmr_ch5/share/cpmr_ch5
[0.547s] copying urdf/colors.xacro -> /home/common/CPMR3/ros2_ws/src/cpmr_ch5/install/cpmr_ch5/share/cpmr_ch5
[0.547s] copying urdf/laser-camera.urdf.xacro -> /home/common/CPMR3/ros2_ws/src/cpmr_ch5/install/cpmr_ch5/share/cpmr_ch5
[0.547s] running install_egg_info
[0.549s] Copying build/cpmr_ch5/cpmr_ch5.egg-info to /home/common/CPMR3/ros2_ws/src/cpmr_ch5/install/cpmr_ch5/lib/python3.10/site-packages/cpmr_ch5-3.1.0-py3.10.egg-info
[0.549s] running install_scripts
[0.562s] Installing aruco_laser_target script to /home/common/CPMR3/ros2_ws/src/cpmr_ch5/install/cpmr_ch5/lib/cpmr_ch5
[0.562s] Installing aruco_target script to /home/common/CPMR3/ros2_ws/src/cpmr_ch5/install/cpmr_ch5/lib/cpmr_ch5
[0.562s] Installing aruco_targetv2 script to /home/common/CPMR3/ros2_ws/src/cpmr_ch5/install/cpmr_ch5/lib/cpmr_ch5
[0.562s] Installing canny_edges script to /home/common/CPMR3/ros2_ws/src/cpmr_ch5/install/cpmr_ch5/lib/cpmr_ch5
[0.563s] Installing good_features script to /home/common/CPMR3/ros2_ws/src/cpmr_ch5/install/cpmr_ch5/lib/cpmr_ch5
[0.563s] Installing harris_corners script to /home/common/CPMR3/ros2_ws/src/cpmr_ch5/install/cpmr_ch5/lib/cpmr_ch5
[0.563s] Installing opencv_camera script to /home/common/CPMR3/ros2_ws/src/cpmr_ch5/install/cpmr_ch5/lib/cpmr_ch5
[0.563s] Installing opencv_camera_calibrated script to /home/common/CPMR3/ros2_ws/src/cpmr_ch5/install/cpmr_ch5/lib/cpmr_ch5
[0.563s] Installing view_camera script to /home/common/CPMR3/ros2_ws/src/cpmr_ch5/install/cpmr_ch5/lib/cpmr_ch5
[0.563s] writing list of installed files to '/home/common/CPMR3/ros2_ws/src/cpmr_ch5/build/cpmr_ch5/install.log'
[0.577s] Invoked command in '/home/common/CPMR3/ros2_ws/src/cpmr_ch5' returned '0': PYTHONPATH=/home/common/CPMR3/ros2_ws/src/cpmr_ch5/build/cpmr_ch5/prefix_override:/usr/lib/python3/dist-packages/colcon_core/task/python/colcon_distutils_commands:/home/common/CPMR3/ros2_ws/src/cpmr_ch5/install/cpmr_ch5/lib/python3.10/site-packages:${PYTHONPATH} /usr/bin/python3 -W ignore:setup.py install is deprecated setup.py egg_info --egg-base build/cpmr_ch5 build --build-base /home/common/CPMR3/ros2_ws/src/cpmr_ch5/build/cpmr_ch5/build install --record /home/common/CPMR3/ros2_ws/src/cpmr_ch5/build/cpmr_ch5/install.log --single-version-externally-managed install_data
